Base path: /Applications/Unity/Hub/Editor/2018.4.15f1/Unity.app/Contents
Cmd: initializeCompiler
Cmd: compileComputeKernel
  api=14 insize=10881 outsize=11453 ok=1
Cmd: translateComputeKernel
  api=14 insize=11297 outsize=22357 ok=1
Cmd: compileComputeKernel
  api=14 insize=4845 outsize=7289 ok=1
Cmd: translateComputeKernel
  api=14 insize=5765 outsize=8357 ok=1
Cmd: compileComputeKernel
  api=14 insize=18299 outsize=9533 ok=1
Cmd: compileComputeKernel
  api=14 insize=18299 outsize=11321 ok=1
Cmd: translateComputeKernel
  api=14 insize=9637 outsize=16465 ok=1
Cmd: translateComputeKernel
  api=14 insize=9405 outsize=16213 ok=1
Cmd: translateComputeKernel
  api=14 insize=11489 outsize=25117 ok=1
Cmd: translateComputeKernel
  api=14 insize=1997 outsize=3517 ok=1
Cmd: compileComputeKernel
  api=14 insize=1454 outsize=1193 ok=1
Cmd: translateComputeKernel
  api=14 insize=1193 outsize=1313 ok=1
Cmd: translateComputeKernel
  api=14 insize=1509 outsize=2273 ok=1
Cmd: initializeCompiler

Quitting shader compiler process
